[debug] [2020-01-31T13:52:55.300Z] ----------------------------------------------------------------------
[debug] [2020-01-31T13:52:55.303Z] Command:       C:\Program Files\nodejs\node.exe C:\Users\ANomina05\AppData\Roaming\npm\node_modules\firebase-tools\lib\bin\firebase.js init
[debug] [2020-01-31T13:52:55.304Z] CLI Version:   7.12.1
[debug] [2020-01-31T13:52:55.304Z] Platform:      win32
[debug] [2020-01-31T13:52:55.304Z] Node Version:  v10.15.1
[debug] [2020-01-31T13:52:55.305Z] Time:          Fri Jan 31 2020 14:52:55 GMT+0100 (GMT+01:00)
[debug] [2020-01-31T13:52:55.305Z] ----------------------------------------------------------------------
[debug] [2020-01-31T13:52:55.305Z] 
[debug] [2020-01-31T13:52:55.321Z] > command requires scopes: ["email","openid","https://www.googleapis.com/auth/cloudplatformprojects.readonly","https://www.googleapis.com/auth/firebase","https://www.googleapis.com/auth/cloud-platform"]
[debug] [2020-01-31T13:52:55.321Z] > authorizing via signed-in user
[info] 
     ######## #### ########  ######## ########     ###     ######  ########
     ##        ##  ##     ## ##       ##     ##  ##   ##  ##       ##
     ######    ##  ########  ######   ########  #########  ######  ######
     ##        ##  ##    ##  ##       ##     ## ##     ##       ## ##
     ##       #### ##     ## ######## ########  ##     ##  ######  ########

You're about to initialize a Firebase project in this directory:

  C:\Users\ANomina05\Desktop\berlanga2008.github.io

Before we get started, keep in mind:

  * You are initializing in an existing Firebase project directory

